<?xml version="1.0" encoding="UTF-8"?>
<testsuite name="aabbbstrings.AABBBStringsTests" tests="22" skipped="0" failures="0" errors="0" timestamp="2022-10-01T03:28:15" hostname="DHRUV-XPS" time="0.019">
  <properties/>
  <testcase name="test12" classname="aabbbstrings.AABBBStringsTests" time="0.002"/>
  <testcase name="test19" classname="aabbbstrings.AABBBStringsTests" time="0.0"/>
  <testcase name="test22" classname="aabbbstrings.AABBBStringsTests" time="0.0"/>
  <testcase name="test32" classname="aabbbstrings.AABBBStringsTests" time="0.001"/>
  <testcase name="test42" classname="aabbbstrings.AABBBStringsTests" time="0.0"/>
  <testcase name="test47" classname="aabbbstrings.AABBBStringsTests" time="0.0"/>
  <testcase name="test0" classname="aabbbstrings.AABBBStringsTests" time="0.0"/>
  <testcase name="test1" classname="aabbbstrings.AABBBStringsTests" time="0.0"/>
  <testcase name="test2" classname="aabbbstrings.AABBBStringsTests" time="0.0"/>
  <testcase name="test3" classname="aabbbstrings.AABBBStringsTests" time="0.0"/>
  <testcase name="test4" classname="aabbbstrings.AABBBStringsTests" time="0.0"/>
  <testcase name="test5" classname="aabbbstrings.AABBBStringsTests" time="0.0"/>
  <testcase name="testWords12" classname="aabbbstrings.AABBBStringsTests" time="0.007"/>
  <testcase name="testWords36" classname="aabbbstrings.AABBBStringsTests" time="0.0"/>
  <testcase name="testWords0" classname="aabbbstrings.AABBBStringsTests" time="0.0"/>
  <testcase name="testWords1" classname="aabbbstrings.AABBBStringsTests" time="0.001"/>
  <testcase name="testWords2" classname="aabbbstrings.AABBBStringsTests" time="0.001"/>
  <testcase name="testWords3" classname="aabbbstrings.AABBBStringsTests" time="0.0"/>
  <testcase name="testWords4" classname="aabbbstrings.AABBBStringsTests" time="0.0"/>
  <testcase name="testWords5" classname="aabbbstrings.AABBBStringsTests" time="0.0"/>
  <testcase name="testWords6" classname="aabbbstrings.AABBBStringsTests" time="0.0"/>
  <testcase name="testWords7" classname="aabbbstrings.AABBBStringsTests" time="0.0"/>
  <system-out><![CDATA[]]></system-out>
  <system-err><![CDATA[]]></system-err>
</testsuite>
